Log file open, 09/08/19 23:41:57
LogWindows: Failed to load 'aqProf.dll' (GetLastError=126)
LogWindows: File 'aqProf.dll' does not exist
LogWindows: Failed to load 'VtuneApi.dll' (GetLastError=126)
LogWindows: File 'VtuneApi.dll' does not exist
LogWindows: Failed to load 'VtuneApi32e.dll' (GetLastError=126)
LogWindows: File 'VtuneApi32e.dll' does not exist
LogConsoleResponse: Display: Failed to find resolution value strings in scalability ini. Falling back to default.
LogPakFile: Registered encryption key '00000000000000000000000000000000': 0 pak files mounted, 0 remain pending
LogPakFile: Display: Found Pak file ../../../BreezeTank/Content/Paks/BreezeTank-WindowsNoEditor.pak attempting to mount.
LogPakFile: Display: Mounting pak file ../../../BreezeTank/Content/Paks/BreezeTank-WindowsNoEditor.pak.
LogPlatformFile: Not using cached read wrapper
LogTaskGraph: Started task graph with 5 named threads and 47 total threads with 3 sets of task threads.
LogStats: Stats thread started at 0.500680
LogD3D11RHI: Loaded GFSDK_Aftermath_Lib.x64.dll
LogICUInternationalization: ICU TimeZone Detection - Raw Offset: +9:00, Platform Override: ''
LogPluginManager: Mounting plugin Paper2D
LogPluginManager: Mounting plugin AISupport
LogPluginManager: Mounting plugin LightPropagationVolume
LogPluginManager: Mounting plugin AnimationSharing
LogPluginManager: Mounting plugin SignificanceManager
LogPluginManager: Mounting plugin AssetManagerEditor
LogPluginManager: Mounting plugin CryptoKeys
LogPluginManager: Mounting plugin FacialAnimation
LogPluginManager: Mounting plugin DatasmithContent
LogPluginManager: Mounting plugin VariantManagerContent
LogPluginManager: Mounting plugin AlembicImporter
LogPluginManager: Mounting plugin GeometryCache
LogPluginManager: Mounting plugin AppleImageUtils
LogPluginManager: Mounting plugin AppleVision
LogPluginManager: Mounting plugin BackChannel
LogPluginManager: Mounting plugin CharacterAI
LogPluginManager: Mounting plugin HTML5Networking
LogPluginManager: Mounting plugin AvfMedia
LogPluginManager: Mounting plugin ImgMedia
LogPluginManager: Mounting plugin LinearTimecode
LogPluginManager: Mounting plugin MediaCompositing
LogPluginManager: Mounting plugin WmfMedia
LogPluginManager: Mounting plugin TcpMessaging
LogPluginManager: Mounting plugin UdpMessaging
LogPluginManager: Mounting plugin ActorSequence
LogPluginManager: Mounting plugin NetcodeUnitTest
LogPluginManager: Mounting plugin OnlineSubsystemNull
LogPluginManager: Mounting plugin OnlineSubsystem
LogPluginManager: Mounting plugin OnlineSubsystemUtils
LogPluginManager: Mounting plugin LauncherChunkInstaller
LogPluginManager: Mounting plugin AndroidPermission
LogPluginManager: Mounting plugin ArchVisCharacter
LogPluginManager: Mounting plugin AudioCapture
LogPluginManager: Mounting plugin CableComponent
LogPluginManager: Mounting plugin CustomMeshComponent
LogPluginManager: Mounting plugin EditableMesh
LogPluginManager: Mounting plugin ExampleDeviceProfileSelector
LogPluginManager: Mounting plugin LocationServicesBPLibrary
LogPluginManager: Mounting plugin MobilePatchingUtils
LogPluginManager: Mounting plugin OculusVR
LogPluginManager: Mounting plugin ProceduralMeshComponent
LogPluginManager: Mounting plugin PhysXVehicles
LogPluginManager: Mounting plugin RuntimePhysXCooking
LogPluginManager: Mounting plugin SteamVR
LogPluginManager: Mounting plugin WebMMoviePlayer
LogPluginManager: Mounting plugin WebMMedia
LogPluginManager: Mounting plugin WindowsMoviePlayer
LogInit: Using libcurl 7.55.1-DEV
LogInit:  - built for x86_64-pc-win32
LogInit:  - supports SSL with OpenSSL/1.1.1
LogInit:  - supports HTTP deflate (compression) using libz 1.2.8
LogInit:  - other features:
LogInit:      CURL_VERSION_SSL
LogInit:      CURL_VERSION_LIBZ
LogInit:      CURL_VERSION_IPV6
LogInit:      CURL_VERSION_ASYNCHDNS
LogInit:      CURL_VERSION_LARGEFILE
LogInit:      CURL_VERSION_IDN
LogInit:  CurlRequestOptions (configurable via config and command line):
LogInit:  - bVerifyPeer = true  - Libcurl will verify peer certificate
LogInit:  - bUseHttpProxy = false  - Libcurl will NOT use HTTP proxy
LogInit:  - bDontReuseConnections = false  - Libcurl will reuse connections
LogInit:  - MaxHostConnections = 16  - Libcurl will limit the number of connections to a host
LogInit:  - LocalHostAddr = Default
LogInit:  - BufferSize = 65536
LogInit: WinSock: version 1.1 (2.2), MaxSocks=32767, MaxUdp=65467
LogInit: Build: ++UE4+Release-4.22-CL-7053642
LogInit: Engine Version: 4.22.3-7053642+++UE4+Release-4.22
LogInit: Compatible Engine Version: 4.22.0-5660361+++UE4+Release-4.22
LogInit: Net CL: 5660361
LogInit: OS: Windows 10 (Release 1903) (), CPU: AMD Ryzen 7 2700X Eight-Core Processor         , GPU: NVIDIA GeForce RTX 2070
LogInit: Compiled (64-bit): Jun 18 2019 03:16:33
LogInit: Compiled with Visual C++: 19.16.27025.01
LogInit: Build Configuration: Development
LogInit: Branch Name: ++UE4+Release-4.22
LogInit: Command Line: 
LogInit: Base Directory: C:/Users/User/source/repos/04_BreezeTank/BreezeTank/WindowsNoEditor/BreezeTank/Binaries/Win64/
LogInit: Installed Engine Build: 0
LogDevObjectVersion: Number of dev versions registered: 23
LogDevObjectVersion:   Dev-Blueprints (B0D832E4-1F89-4F0D-ACCF-7EB736FD4AA2): 10
LogDevObjectVersion:   Dev-Build (E1C64328-A22C-4D53-A36C-8E866417BD8C): 0
LogDevObjectVersion:   Dev-Core (375EC13C-06E4-48FB-B500-84F0262A717E): 3
LogDevObjectVersion:   Dev-Editor (E4B068ED-F494-42E9-A231-DA0B2E46BB41): 30
LogDevObjectVersion:   Dev-Framework (CFFC743F-43B0-4480-9391-14DF171D2073): 35
LogDevObjectVersion:   Dev-Mobile (B02B49B5-BB20-44E9-A304-32B752E40360): 2
LogDevObjectVersion:   Dev-Networking (A4E4105C-59A1-49B5-A7C5-40C4547EDFEE): 0
LogDevObjectVersion:   Dev-Online (39C831C9-5AE6-47DC-9A44-9C173E1C8E7C): 0
LogDevObjectVersion:   Dev-Physics (78F01B33-EBEA-4F98-B9B4-84EACCB95AA2): 0
LogDevObjectVersion:   Dev-Platform (6631380F-2D4D-43E0-8009-CF276956A95A): 0
LogDevObjectVersion:   Dev-Rendering (12F88B9F-8875-4AFC-A67C-D90C383ABD29): 28
LogDevObjectVersion:   Dev-Sequencer (7B5AE74C-D270-4C10-A958-57980B212A5A): 11
LogDevObjectVersion:   Dev-VR (D7296918-1DD6-4BDD-9DE2-64A83CC13884): 2
LogDevObjectVersion:   Dev-LoadTimes (C2A15278-BFE7-4AFE-6C17-90FF531DF755): 1
LogDevObjectVersion:   Private-Geometry (6EACA3D4-40EC-4CC1-B786-8BED09428FC5): 3
LogDevObjectVersion:   Dev-AnimPhys (29E575DD-E0A3-4627-9D10-D276232CDCEA): 17
LogDevObjectVersion:   Dev-Anim (AF43A65D-7FD3-4947-9873-3E8ED9C1BB05): 2
LogDevObjectVersion:   Dev-ReflectionCapture (6B266CEC-1EC7-4B8F-A30B-E4D90942FC07): 1
LogDevObjectVersion:   Dev-Automation (0DF73D61-A23F-47EA-B727-89E90C41499A): 1
LogDevObjectVersion:   FortniteMain (601D1886-AC64-4F84-AA16-D3DE0DEAC7D6): 25
LogDevObjectVersion:   Dev-Enterprise (9DFFBCD6-494F-0158-E221-12823C92A888): 6
LogDevObjectVersion:   Dev-Niagara (F2AED0AC-9AFE-416F-8664-AA7FFA26D6FC): 1
LogDevObjectVersion:   Dev-Destruction (174F1F0B-B4C6-45A5-B13F-2EE8D0FB917D): 2
LogInit: Presizing for max 2097152 objects, including 1 objects not considered by GC, pre-allocating 0 bytes for permanent pool.
LogStreaming: Display: Async Loading initialized: Event Driven Loader: true, Async Loading Thread: false, Async Post Load: true
LogInit: Object subsystem initialized
LogConfig: Setting CVar [[con.DebugEarlyDefault:1]]
LogConfig: Setting CVar [[r.setres:1280x720]]
[2019.09.08-14.41.57:542][  0]LogConfig: Setting CVar [[con.DebugEarlyDefault:1]]
[2019.09.08-14.41.57:542][  0]LogConfig: Setting CVar [[r.setres:1280x720]]
[2019.09.08-14.41.57:542][  0]LogConfig: Applying CVar settings from Section [/Script/Engine.RendererSettings] File [../../../BreezeTank/Saved/Config/WindowsNoEditor/Engine.ini]
[2019.09.08-14.41.57:542][  0]LogConfig: Setting CVar [[r.GPUCrashDebugging:0]]
[2019.09.08-14.41.57:542][  0]LogConfig: Setting CVar [[r.DefaultFeature.AutoExposure.ExtendDefaultLuminanceRange:1]]
[2019.09.08-14.41.57:542][  0]LogConfig: Applying CVar settings from Section [/Script/Engine.RendererOverrideSettings] File [../../../BreezeTank/Saved/Config/WindowsNoEditor/Engine.ini]
[2019.09.08-14.41.57:542][  0]LogConfig: Applying CVar settings from Section [/Script/Engine.StreamingSettings] File [../../../BreezeTank/Saved/Config/WindowsNoEditor/Engine.ini]
[2019.09.08-14.41.57:542][  0]LogConfig: Setting CVar [[s.MinBulkDataSizeForAsyncLoading:131072]]
[2019.09.08-14.41.57:542][  0]LogConfig: Setting CVar [[s.AsyncLoadingThreadEnabled:0]]
[2019.09.08-14.41.57:542][  0]LogConfig: Setting CVar [[s.EventDrivenLoaderEnabled:1]]
[2019.09.08-14.41.57:542][  0]LogConfig: Setting CVar [[s.WarnIfTimeLimitExceeded:0]]
[2019.09.08-14.41.57:542][  0]LogConfig: Setting CVar [[s.TimeLimitExceededMultiplier:1.5]]
[2019.09.08-14.41.57:542][  0]LogConfig: Setting CVar [[s.TimeLimitExceededMinTime:0.005]]
[2019.09.08-14.41.57:542][  0]LogConfig: Setting CVar [[s.UseBackgroundLevelStreaming:1]]
[2019.09.08-14.41.57:542][  0]LogConfig: Setting CVar [[s.PriorityAsyncLoadingExtraTime:15.0]]
[2019.09.08-14.41.57:542][  0]LogConfig: Setting CVar [[s.LevelStreamingActorsUpdateTimeLimit:5.0]]
[2019.09.08-14.41.57:542][  0]LogConfig: Setting CVar [[s.PriorityLevelStreamingActorsUpdateExtraTime:5.0]]
[2019.09.08-14.41.57:542][  0]LogConfig: Setting CVar [[s.LevelStreamingComponentsRegistrationGranularity:10]]
[2019.09.08-14.41.57:542][  0]LogConfig: Setting CVar [[s.UnregisterComponentsTimeLimit:1.0]]
[2019.09.08-14.41.57:542][  0]LogConfig: Setting CVar [[s.LevelStreamingComponentsUnregistrationGranularity:5]]
[2019.09.08-14.41.57:542][  0]LogConfig: Applying CVar settings from Section [/Script/Engine.GarbageCollectionSettings] File [../../../BreezeTank/Saved/Config/WindowsNoEditor/Engine.ini]
[2019.09.08-14.41.57:542][  0]LogConfig: Setting CVar [[gc.MaxObjectsNotConsideredByGC:1]]
[2019.09.08-14.41.57:542][  0]LogConfig: Setting CVar [[gc.SizeOfPermanentObjectPool:0]]
[2019.09.08-14.41.57:542][  0]LogConfig: Setting CVar [[gc.FlushStreamingOnGC:0]]
[2019.09.08-14.41.57:542][  0]LogConfig: Setting CVar [[gc.NumRetriesBeforeForcingGC:10]]
[2019.09.08-14.41.57:542][  0]LogConfig: Setting CVar [[gc.AllowParallelGC:1]]
[2019.09.08-14.41.57:542][  0]LogConfig: Setting CVar [[gc.TimeBetweenPurgingPendingKillObjects:61.1]]
[2019.09.08-14.41.57:542][  0]LogConfig: Setting CVar [[gc.MaxObjectsInEditor:16777216]]
[2019.09.08-14.41.57:542][  0]LogConfig: Setting CVar [[gc.IncrementalBeginDestroyEnabled:1]]
[2019.09.08-14.41.57:542][  0]LogConfig: Setting CVar [[gc.CreateGCClusters:1]]
[2019.09.08-14.41.57:542][  0]LogConfig: Setting CVar [[gc.MinGCClusterSize:5]]
[2019.09.08-14.41.57:542][  0]LogConfig: Setting CVar [[gc.ActorClusteringEnabled:0]]
[2019.09.08-14.41.57:542][  0]LogConfig: Setting CVar [[gc.BlueprintClusteringEnabled:0]]
[2019.09.08-14.41.57:542][  0]LogConfig: Setting CVar [[gc.UseDisregardForGCOnDedicatedServers:0]]
[2019.09.08-14.41.57:542][  0]LogConfig: Applying CVar settings from Section [/Script/Engine.NetworkSettings] File [../../../BreezeTank/Saved/Config/WindowsNoEditor/Engine.ini]
[2019.09.08-14.41.57:544][  0]LogConfig: Applying CVar settings from Section [ViewDistanceQuality@3] File [../../../BreezeTank/Saved/Config/WindowsNoEditor/Scalability.ini]
[2019.09.08-14.41.57:544][  0]LogConfig: Setting CVar [[r.SkeletalMeshLODBias:0]]
[2019.09.08-14.41.57:544][  0]LogConfig: Setting CVar [[r.ViewDistanceScale:1.0]]
[2019.09.08-14.41.57:544][  0]LogConfig: Applying CVar settings from Section [AntiAliasingQuality@3] File [../../../BreezeTank/Saved/Config/WindowsNoEditor/Scalability.ini]
[2019.09.08-14.41.57:544][  0]LogConfig: Setting CVar [[r.PostProcessAAQuality:4]]
[2019.09.08-14.41.57:544][  0]LogConfig: Applying CVar settings from Section [ShadowQuality@3] File [../../../BreezeTank/Saved/Config/WindowsNoEditor/Scalability.ini]
[2019.09.08-14.41.57:544][  0]LogConfig: Setting CVar [[r.LightFunctionQuality:1]]
[2019.09.08-14.41.57:544][  0]LogConfig: Setting CVar [[r.ShadowQuality:5]]
[2019.09.08-14.41.57:544][  0]LogConfig: Setting CVar [[r.Shadow.CSM.MaxCascades:10]]
[2019.09.08-14.41.57:544][  0]LogConfig: Setting CVar [[r.Shadow.MaxResolution:2048]]
[2019.09.08-14.41.57:544][  0]LogConfig: Setting CVar [[r.Shadow.MaxCSMResolution:2048]]
[2019.09.08-14.41.57:545][  0]LogConfig: Setting CVar [[r.Shadow.RadiusThreshold:0.01]]
[2019.09.08-14.41.57:545][  0]LogConfig: Setting CVar [[r.Shadow.DistanceScale:1.0]]
[2019.09.08-14.41.57:545][  0]LogConfig: Setting CVar [[r.Shadow.CSM.TransitionScale:1.0]]
[2019.09.08-14.41.57:545][  0]LogConfig: Setting CVar [[r.Shadow.PreShadowResolutionFactor:1.0]]
[2019.09.08-14.41.57:545][  0]LogConfig: Setting CVar [[r.DistanceFieldShadowing:1]]
[2019.09.08-14.41.57:545][  0]LogConfig: Setting CVar [[r.DistanceFieldAO:1]]
[2019.09.08-14.41.57:545][  0]LogConfig: Setting CVar [[r.AOQuality:2]]
[2019.09.08-14.41.57:545][  0]LogConfig: Setting CVar [[r.VolumetricFog:1]]
[2019.09.08-14.41.57:545][  0]LogConfig: Setting CVar [[r.VolumetricFog.GridPixelSize:8]]
[2019.09.08-14.41.57:545][  0]LogConfig: Setting CVar [[r.VolumetricFog.GridSizeZ:128]]
[2019.09.08-14.41.57:545][  0]LogConfig: Setting CVar [[r.VolumetricFog.HistoryMissSupersampleCount:4]]
[2019.09.08-14.41.57:545][  0]LogConfig: Setting CVar [[r.LightMaxDrawDistanceScale:1]]
[2019.09.08-14.41.57:545][  0]LogConfig: Setting CVar [[r.CapsuleShadows:1]]
[2019.09.08-14.41.57:545][  0]LogConfig: Applying CVar settings from Section [PostProcessQuality@3] File [../../../BreezeTank/Saved/Config/WindowsNoEditor/Scalability.ini]
[2019.09.08-14.41.57:545][  0]LogConfig: Setting CVar [[r.MotionBlurQuality:4]]
[2019.09.08-14.41.57:545][  0]LogConfig: Setting CVar [[r.AmbientOcclusionMipLevelFactor:0.4]]
[2019.09.08-14.41.57:545][  0]LogConfig: Setting CVar [[r.AmbientOcclusionMaxQuality:100]]
[2019.09.08-14.41.57:545][  0]LogConfig: Setting CVar [[r.AmbientOcclusionLevels:-1]]
[2019.09.08-14.41.57:545][  0]LogConfig: Setting CVar [[r.AmbientOcclusionRadiusScale:1.0]]
[2019.09.08-14.41.57:545][  0]LogConfig: Setting CVar [[r.DepthOfFieldQuality:2]]
[2019.09.08-14.41.57:545][  0]LogConfig: Setting CVar [[r.RenderTargetPoolMin:400]]
[2019.09.08-14.41.57:545][  0]LogConfig: Setting CVar [[r.LensFlareQuality:2]]
[2019.09.08-14.41.57:545][  0]LogConfig: Setting CVar [[r.SceneColorFringeQuality:1]]
[2019.09.08-14.41.57:545][  0]LogConfig: Setting CVar [[r.EyeAdaptationQuality:2]]
[2019.09.08-14.41.57:545][  0]LogConfig: Setting CVar [[r.BloomQuality:5]]
[2019.09.08-14.41.57:545][  0]LogConfig: Setting CVar [[r.FastBlurThreshold:100]]
[2019.09.08-14.41.57:545][  0]LogConfig: Setting CVar [[r.Upscale.Quality:3]]
[2019.09.08-14.41.57:545][  0]LogConfig: Setting CVar [[r.Tonemapper.GrainQuantization:1]]
[2019.09.08-14.41.57:545][  0]LogConfig: Setting CVar [[r.LightShaftQuality:1]]
[2019.09.08-14.41.57:545][  0]LogConfig: Setting CVar [[r.Filter.SizeScale:1]]
[2019.09.08-14.41.57:545][  0]LogConfig: Setting CVar [[r.Tonemapper.Quality:5]]
[2019.09.08-14.41.57:545][  0]LogConfig: Setting CVar [[r.DOF.Gather.AccumulatorQuality:1        ; higher gathering accumulator quality]]
[2019.09.08-14.41.57:545][  0]LogConfig: Setting CVar [[r.DOF.Gather.PostfilterMethod:1          ; Median3x3 postfilering method]]
[2019.09.08-14.41.57:545][  0]LogConfig: Setting CVar [[r.DOF.Gather.EnableBokehSettings:0       ; no bokeh simulation when gathering]]
[2019.09.08-14.41.57:545][  0]LogConfig: Setting CVar [[r.DOF.Gather.RingCount:4                 ; medium number of samples when gathering]]
[2019.09.08-14.41.57:545][  0]LogConfig: Setting CVar [[r.DOF.Scatter.ForegroundCompositing:1    ; additive foreground scattering]]
[2019.09.08-14.41.57:545][  0]LogConfig: Setting CVar [[r.DOF.Scatter.BackgroundCompositing:2    ; additive background scattering]]
[2019.09.08-14.41.57:545][  0]LogConfig: Setting CVar [[r.DOF.Scatter.EnableBokehSettings:1      ; bokeh simulation when scattering]]
[2019.09.08-14.41.57:545][  0]LogConfig: Setting CVar [[r.DOF.Scatter.MaxSpriteRatio:0.1         ; only a maximum of 10% of scattered bokeh]]
[2019.09.08-14.41.57:545][  0]LogConfig: Setting CVar [[r.DOF.Recombine.Quality:1                ; cheap slight out of focus]]
[2019.09.08-14.41.57:545][  0]LogConfig: Setting CVar [[r.DOF.Recombine.EnableBokehSettings:0    ; no bokeh simulation on slight out of focus]]
[2019.09.08-14.41.57:545][  0]LogConfig: Setting CVar [[r.DOF.TemporalAAQuality:1                ; more stable temporal accumulation]]
[2019.09.08-14.41.57:545][  0]LogConfig: Setting CVar [[r.DOF.Kernel.MaxForegroundRadius:0.025]]
[2019.09.08-14.41.57:545][  0]LogConfig: Setting CVar [[r.DOF.Kernel.MaxBackgroundRadius:0.025]]
[2019.09.08-14.41.57:545][  0]LogConfig: Applying CVar settings from Section [TextureQuality@3] File [../../../BreezeTank/Saved/Config/WindowsNoEditor/Scalability.ini]
[2019.09.08-14.41.57:545][  0]LogConfig: Setting CVar [[r.Streaming.MipBias:0]]
[2019.09.08-14.41.57:545][  0]LogConfig: Setting CVar [[r.Streaming.AmortizeCPUToGPUCopy:0]]
[2019.09.08-14.41.57:545][  0]LogConfig: Setting CVar [[r.Streaming.MaxNumTexturesToStreamPerFrame:0]]
[2019.09.08-14.41.57:545][  0]LogConfig: Setting CVar [[r.Streaming.Boost:1]]
[2019.09.08-14.41.57:545][  0]LogConfig: Setting CVar [[r.MaxAnisotropy:8]]
[2019.09.08-14.41.57:545][  0]LogConfig: Setting CVar [[r.Streaming.LimitPoolSizeToVRAM:0]]
[2019.09.08-14.41.57:545][  0]LogConfig: Setting CVar [[r.Streaming.PoolSize:1000]]
[2019.09.08-14.41.57:545][  0]LogConfig: Setting CVar [[r.Streaming.MaxEffectiveScreenSize:0]]
[2019.09.08-14.41.57:545][  0]LogConfig: Applying CVar settings from Section [EffectsQuality@3] File [../../../BreezeTank/Saved/Config/WindowsNoEditor/Scalability.ini]
[2019.09.08-14.41.57:545][  0]LogConfig: Setting CVar [[r.TranslucencyLightingVolumeDim:64]]
[2019.09.08-14.41.57:545][  0]LogConfig: Setting CVar [[r.RefractionQuality:2]]
[2019.09.08-14.41.57:545][  0]LogConfig: Setting CVar [[r.SSR.Quality:3]]
[2019.09.08-14.41.57:545][  0]LogConfig: Setting CVar [[r.SceneColorFormat:4]]
[2019.09.08-14.41.57:545][  0]LogConfig: Setting CVar [[r.DetailMode:2]]
[2019.09.08-14.41.57:545][  0]LogConfig: Setting CVar [[r.TranslucencyVolumeBlur:1]]
[2019.09.08-14.41.57:545][  0]LogConfig: Setting CVar [[r.MaterialQualityLevel:1 ; High quality]]
[2019.09.08-14.41.57:545][  0]LogConfig: Setting CVar [[r.SSS.Scale:1]]
[2019.09.08-14.41.57:546][  0]LogConfig: Setting CVar [[r.SSS.SampleSet:2]]
[2019.09.08-14.41.57:546][  0]LogConfig: Setting CVar [[r.SSS.Quality:1]]
[2019.09.08-14.41.57:546][  0]LogConfig: Setting CVar [[r.SSS.HalfRes:1]]
[2019.09.08-14.41.57:546][  0]LogConfig: Setting CVar [[r.EmitterSpawnRateScale:1.0]]
[2019.09.08-14.41.57:546][  0]LogConfig: Setting CVar [[r.ParticleLightQuality:2]]
[2019.09.08-14.41.57:546][  0]LogConfig: Applying CVar settings from Section [FoliageQuality@3] File [../../../BreezeTank/Saved/Config/WindowsNoEditor/Scalability.ini]
[2019.09.08-14.41.57:546][  0]LogConfig: Setting CVar [[foliage.DensityScale:1.0]]
[2019.09.08-14.41.57:546][  0]LogConfig: Setting CVar [[grass.DensityScale:1.0]]
[2019.09.08-14.41.57:546][  0]LogInit: Selected Device Profile: [WindowsNoEditor]
[2019.09.08-14.41.57:546][  0]LogInit: Applying CVar settings loaded from the selected device profile: [WindowsNoEditor]
[2019.09.08-14.41.57:552][  0]LogHAL: Display: Platform has ~ 16 GB [17102331904 / 17179869184 / 16], which maps to Larger [LargestMinGB=32, LargerMinGB=12, DefaultMinGB=8, SmallerMinGB=6, SmallestMinGB=0)
[2019.09.08-14.41.57:552][  0]LogInit: Going up to parent DeviceProfile [Windows]
[2019.09.08-14.41.57:552][  0]LogConfig: Setting CVar [[r.Vulkan.UseRealUBs:0		; Required until we fix HLR fall-out]]
[2019.09.08-14.41.57:552][  0]LogInit: Going up to parent DeviceProfile []
[2019.09.08-14.41.57:552][  0]LogConfig: Applying CVar settings from Section [ViewDistanceQuality@3] File [../../../BreezeTank/Saved/Config/WindowsNoEditor/Scalability.ini]
[2019.09.08-14.41.57:552][  0]LogConfig: Setting CVar [[r.SkeletalMeshLODBias:0]]
[2019.09.08-14.41.57:552][  0]LogConfig: Setting CVar [[r.ViewDistanceScale:1.0]]
[2019.09.08-14.41.57:552][  0]LogConfig: Applying CVar settings from Section [AntiAliasingQuality@3] File [../../../BreezeTank/Saved/Config/WindowsNoEditor/Scalability.ini]
[2019.09.08-14.41.57:552][  0]LogConfig: Setting CVar [[r.PostProcessAAQuality:4]]
[2019.09.08-14.41.57:552][  0]LogConfig: Applying CVar settings from Section [ShadowQuality@3] File [../../../BreezeTank/Saved/Config/WindowsNoEditor/Scalability.ini]
[2019.09.08-14.41.57:552][  0]LogConfig: Setting CVar [[r.LightFunctionQuality:1]]
[2019.09.08-14.41.57:552][  0]LogConfig: Setting CVar [[r.ShadowQuality:5]]
[2019.09.08-14.41.57:552][  0]LogConfig: Setting CVar [[r.Shadow.CSM.MaxCascades:10]]
[2019.09.08-14.41.57:552][  0]LogConfig: Setting CVar [[r.Shadow.MaxResolution:2048]]
[2019.09.08-14.41.57:552][  0]LogConfig: Setting CVar [[r.Shadow.MaxCSMResolution:2048]]
[2019.09.08-14.41.57:552][  0]LogConfig: Setting CVar [[r.Shadow.RadiusThreshold:0.01]]
[2019.09.08-14.41.57:552][  0]LogConfig: Setting CVar [[r.Shadow.DistanceScale:1.0]]
[2019.09.08-14.41.57:552][  0]LogConfig: Setting CVar [[r.Shadow.CSM.TransitionScale:1.0]]
[2019.09.08-14.41.57:552][  0]LogConfig: Setting CVar [[r.Shadow.PreShadowResolutionFactor:1.0]]
[2019.09.08-14.41.57:552][  0]LogConfig: Setting CVar [[r.DistanceFieldShadowing:1]]
[2019.09.08-14.41.57:552][  0]LogConfig: Setting CVar [[r.DistanceFieldAO:1]]
[2019.09.08-14.41.57:552][  0]LogConfig: Setting CVar [[r.AOQuality:2]]
[2019.09.08-14.41.57:552][  0]LogConfig: Setting CVar [[r.VolumetricFog:1]]
[2019.09.08-14.41.57:552][  0]LogConfig: Setting CVar [[r.VolumetricFog.GridPixelSize:8]]
[2019.09.08-14.41.57:553][  0]LogConfig: Setting CVar [[r.VolumetricFog.GridSizeZ:128]]
[2019.09.08-14.41.57:553][  0]LogConfig: Setting CVar [[r.VolumetricFog.HistoryMissSupersampleCount:4]]
[2019.09.08-14.41.57:553][  0]LogConfig: Setting CVar [[r.LightMaxDrawDistanceScale:1]]
[2019.09.08-14.41.57:553][  0]LogConfig: Setting CVar [[r.CapsuleShadows:1]]
[2019.09.08-14.41.57:553][  0]LogConfig: Applying CVar settings from Section [PostProcessQuality@3] File [../../../BreezeTank/Saved/Config/WindowsNoEditor/Scalability.ini]
[2019.09.08-14.41.57:553][  0]LogConfig: Setting CVar [[r.MotionBlurQuality:4]]
[2019.09.08-14.41.57:553][  0]LogConfig: Setting CVar [[r.AmbientOcclusionMipLevelFactor:0.4]]
[2019.09.08-14.41.57:553][  0]LogConfig: Setting CVar [[r.AmbientOcclusionMaxQuality:100]]
[2019.09.08-14.41.57:553][  0]LogConfig: Setting CVar [[r.AmbientOcclusionLevels:-1]]
[2019.09.08-14.41.57:553][  0]LogConfig: Setting CVar [[r.AmbientOcclusionRadiusScale:1.0]]
[2019.09.08-14.41.57:553][  0]LogConfig: Setting CVar [[r.DepthOfFieldQuality:2]]
[2019.09.08-14.41.57:553][  0]LogConfig: Setting CVar [[r.RenderTargetPoolMin:400]]
[2019.09.08-14.41.57:553][  0]LogConfig: Setting CVar [[r.LensFlareQuality:2]]
[2019.09.08-14.41.57:553][  0]LogConfig: Setting CVar [[r.SceneColorFringeQuality:1]]
[2019.09.08-14.41.57:553][  0]LogConfig: Setting CVar [[r.EyeAdaptationQuality:2]]
[2019.09.08-14.41.57:553][  0]LogConfig: Setting CVar [[r.BloomQuality:5]]
[2019.09.08-14.41.57:553][  0]LogConfig: Setting CVar [[r.FastBlurThreshold:100]]
[2019.09.08-14.41.57:553][  0]LogConfig: Setting CVar [[r.Upscale.Quality:3]]
[2019.09.08-14.41.57:553][  0]LogConfig: Setting CVar [[r.Tonemapper.GrainQuantization:1]]
[2019.09.08-14.41.57:553][  0]LogConfig: Setting CVar [[r.LightShaftQuality:1]]
[2019.09.08-14.41.57:553][  0]LogConfig: Setting CVar [[r.Filter.SizeScale:1]]
[2019.09.08-14.41.57:553][  0]LogConfig: Setting CVar [[r.Tonemapper.Quality:5]]
[2019.09.08-14.41.57:553][  0]LogConfig: Setting CVar [[r.DOF.Gather.AccumulatorQuality:1        ; higher gathering accumulator quality]]
[2019.09.08-14.41.57:553][  0]LogConfig: Setting CVar [[r.DOF.Gather.PostfilterMethod:1          ; Median3x3 postfilering method]]
[2019.09.08-14.41.57:553][  0]LogConfig: Setting CVar [[r.DOF.Gather.EnableBokehSettings:0       ; no bokeh simulation when gathering]]
[2019.09.08-14.41.57:553][  0]LogConfig: Setting CVar [[r.DOF.Gather.RingCount:4                 ; medium number of samples when gathering]]
[2019.09.08-14.41.57:553][  0]LogConfig: Setting CVar [[r.DOF.Scatter.ForegroundCompositing:1    ; additive foreground scattering]]
[2019.09.08-14.41.57:553][  0]LogConfig: Setting CVar [[r.DOF.Scatter.BackgroundCompositing:2    ; additive background scattering]]
[2019.09.08-14.41.57:553][  0]LogConfig: Setting CVar [[r.DOF.Scatter.EnableBokehSettings:1      ; bokeh simulation when scattering]]
[2019.09.08-14.41.57:553][  0]LogConfig: Setting CVar [[r.DOF.Scatter.MaxSpriteRatio:0.1         ; only a maximum of 10% of scattered bokeh]]
[2019.09.08-14.41.57:553][  0]LogConfig: Setting CVar [[r.DOF.Recombine.Quality:1                ; cheap slight out of focus]]
[2019.09.08-14.41.57:553][  0]LogConfig: Setting CVar [[r.DOF.Recombine.EnableBokehSettings:0    ; no bokeh simulation on slight out of focus]]
[2019.09.08-14.41.57:553][  0]LogConfig: Setting CVar [[r.DOF.TemporalAAQuality:1                ; more stable temporal accumulation]]
[2019.09.08-14.41.57:553][  0]LogConfig: Setting CVar [[r.DOF.Kernel.MaxForegroundRadius:0.025]]
[2019.09.08-14.41.57:553][  0]LogConfig: Setting CVar [[r.DOF.Kernel.MaxBackgroundRadius:0.025]]
[2019.09.08-14.41.57:553][  0]LogConfig: Applying CVar settings from Section [TextureQuality@3] File [../../../BreezeTank/Saved/Config/WindowsNoEditor/Scalability.ini]
[2019.09.08-14.41.57:553][  0]LogConfig: Setting CVar [[r.Streaming.MipBias:0]]
[2019.09.08-14.41.57:553][  0]LogConfig: Setting CVar [[r.Streaming.AmortizeCPUToGPUCopy:0]]
[2019.09.08-14.41.57:553][  0]LogConfig: Setting CVar [[r.Streaming.MaxNumTexturesToStreamPerFrame:0]]
[2019.09.08-14.41.57:553][  0]LogConfig: Setting CVar [[r.Streaming.Boost:1]]
[2019.09.08-14.41.57:553][  0]LogConfig: Setting CVar [[r.MaxAnisotropy:8]]
[2019.09.08-14.41.57:553][  0]LogConfig: Setting CVar [[r.Streaming.LimitPoolSizeToVRAM:0]]
[2019.09.08-14.41.57:553][  0]LogConfig: Setting CVar [[r.Streaming.PoolSize:1000]]
[2019.09.08-14.41.57:553][  0]LogConfig: Setting CVar [[r.Streaming.MaxEffectiveScreenSize:0]]
[2019.09.08-14.41.57:553][  0]LogConfig: Applying CVar settings from Section [EffectsQuality@3] File [../../../BreezeTank/Saved/Config/WindowsNoEditor/Scalability.ini]
[2019.09.08-14.41.57:553][  0]LogConfig: Setting CVar [[r.TranslucencyLightingVolumeDim:64]]
[2019.09.08-14.41.57:553][  0]LogConfig: Setting CVar [[r.RefractionQuality:2]]
[2019.09.08-14.41.57:553][  0]LogConfig: Setting CVar [[r.SSR.Quality:3]]
[2019.09.08-14.41.57:553][  0]LogConfig: Setting CVar [[r.SceneColorFormat:4]]
[2019.09.08-14.41.57:553][  0]LogConfig: Setting CVar [[r.DetailMode:2]]
[2019.09.08-14.41.57:553][  0]LogConfig: Setting CVar [[r.TranslucencyVolumeBlur:1]]
[2019.09.08-14.41.57:553][  0]LogConfig: Setting CVar [[r.MaterialQualityLevel:1 ; High quality]]
[2019.09.08-14.41.57:553][  0]LogConfig: Setting CVar [[r.SSS.Scale:1]]
[2019.09.08-14.41.57:553][  0]LogConfig: Setting CVar [[r.SSS.SampleSet:2]]
[2019.09.08-14.41.57:553][  0]LogConfig: Setting CVar [[r.SSS.Quality:1]]
[2019.09.08-14.41.57:553][  0]LogConfig: Setting CVar [[r.SSS.HalfRes:1]]
[2019.09.08-14.41.57:553][  0]LogConfig: Setting CVar [[r.EmitterSpawnRateScale:1.0]]
[2019.09.08-14.41.57:553][  0]LogConfig: Setting CVar [[r.ParticleLightQuality:2]]
[2019.09.08-14.41.57:553][  0]LogConfig: Applying CVar settings from Section [FoliageQuality@3] File [../../../BreezeTank/Saved/Config/WindowsNoEditor/Scalability.ini]
[2019.09.08-14.41.57:553][  0]LogConfig: Setting CVar [[foliage.DensityScale:1.0]]
[2019.09.08-14.41.57:553][  0]LogConfig: Setting CVar [[grass.DensityScale:1.0]]
[2019.09.08-14.41.57:553][  0]LogConfig: Applying CVar settings from Section [Startup] File [../../../Engine/Config/ConsoleVariables.ini]
[2019.09.08-14.41.57:553][  0]LogConfig: Setting CVar [[net.UseAdaptiveNetUpdateFrequency:0]]
[2019.09.08-14.41.57:553][  0]LogConfig: Setting CVar [[p.chaos.AllowCreatePhysxBodies:1]]
[2019.09.08-14.41.57:553][  0]LogConfig: Applying CVar settings from Section [ConsoleVariables] File [../../../BreezeTank/Saved/Config/WindowsNoEditor/Engine.ini]
[2019.09.08-14.41.57:553][  0]LogInit: Computer: DESKTOP-H4RC0MI
[2019.09.08-14.41.57:553][  0]LogInit: User: User
[2019.09.08-14.41.57:553][  0]LogInit: CPU Page size=4096, Cores=8
[2019.09.08-14.41.57:553][  0]LogInit: High frequency timer resolution =10.000000 MHz
[2019.09.08-14.41.57:554][  0]LogMemory: Memory total: Physical=15.9GB (16GB approx)
[2019.09.08-14.41.57:554][  0]LogMemory: Platform Memory Stats for WindowsNoEditor
[2019.09.08-14.41.57:554][  0]LogMemory: Process Physical Memory: 56.09 MB used, 56.09 MB peak
[2019.09.08-14.41.57:554][  0]LogMemory: Process Virtual Memory: 68.72 MB used, 68.72 MB peak
[2019.09.08-14.41.57:554][  0]LogMemory: Physical Memory: 6585.42 MB used,  9724.63 MB free, 16310.05 MB total
[2019.09.08-14.41.57:554][  0]LogMemory: Virtual Memory: 4449.36 MB used,  134213280.00 MB free, 134217728.00 MB total
[2019.09.08-14.41.57:566][  0]LogInit: Using OS detected language (ko-KR).
[2019.09.08-14.41.57:566][  0]LogInit: Using OS detected locale (ko-KR).
[2019.09.08-14.41.57:567][  0]LogTextLocalizationManager: No localization for 'ko-KR' exists, so 'en' will be used for the language.
[2019.09.08-14.41.57:567][  0]LogTextLocalizationManager: No localization for 'ko-KR' exists, so 'en' will be used for the locale.
[2019.09.08-14.41.57:600][  0]LogSlate: New Slate User Created.  User Index 0, Is Virtual User: 0
[2019.09.08-14.41.57:600][  0]LogSlate: Slate User Registered.  User Index 0, Is Virtual User: 0
[2019.09.08-14.41.57:612][  0]LogHMD: Failed to initialize OpenVR with code 110
[2019.09.08-14.41.57:612][  0]LogD3D11RHI: D3D11 adapters:
[2019.09.08-14.41.57:690][  0]LogD3D11RHI:    0. 'NVIDIA GeForce RTX 2070' (Feature Level 11_0)
[2019.09.08-14.41.57:690][  0]LogD3D11RHI:       8031/0/8155 MB DedicatedVideo/DedicatedSystem/SharedSystem, Outputs:1, VendorId:0x10de
[2019.09.08-14.41.57:692][  0]LogD3D11RHI:    1. 'Microsoft Basic Render Driver' (Feature Level 11_0)
[2019.09.08-14.41.57:692][  0]LogD3D11RHI:       0/0/8155 MB DedicatedVideo/DedicatedSystem/SharedSystem, Outputs:0, VendorId:0x1414
[2019.09.08-14.41.57:692][  0]LogD3D11RHI: Chosen D3D11 Adapter: 0
[2019.09.08-14.41.57:698][  0]LogD3D11RHI: Creating new Direct3DDevice
[2019.09.08-14.41.57:698][  0]LogD3D11RHI:     GPU DeviceId: 0x1f07 (for the marketing name, search the web for "GPU Device Id")
[2019.09.08-14.41.57:698][  0]LogWindows: EnumDisplayDevices:
[2019.09.08-14.41.57:698][  0]LogWindows:    0. 'NVIDIA GeForce RTX 2070' (P:1 D:1)
[2019.09.08-14.41.57:698][  0]LogWindows:    1. 'NVIDIA GeForce RTX 2070' (P:0 D:0)
[2019.09.08-14.41.57:698][  0]LogWindows:    2. 'NVIDIA GeForce RTX 2070' (P:0 D:0)
[2019.09.08-14.41.57:698][  0]LogWindows:    3. 'NVIDIA GeForce RTX 2070' (P:0 D:0)
[2019.09.08-14.41.57:699][  0]LogWindows: DebugString: FoundDriverCount:4 
[2019.09.08-14.41.57:699][  0]LogD3D11RHI:     Adapter Name: NVIDIA GeForce RTX 2070
[2019.09.08-14.41.57:699][  0]LogD3D11RHI:   Driver Version: 419.67 (internal:25.21.14.1967, unified:419.67)
[2019.09.08-14.41.57:699][  0]LogD3D11RHI:      Driver Date: 3-17-2019
[2019.09.08-14.41.57:699][  0]LogRHI: Texture pool is 5621 MB (70% of 8031 MB)
[2019.09.08-14.41.57:747][  0]LogD3D11RHI: Async texture creation enabled
[2019.09.08-14.41.57:751][  0]LogRendererCore: FGlobalReadBuffer::InitRHI
[2019.09.08-14.41.57:751][  0]LogRendererCore: FGlobalReadBuffer::InitRHI
[2019.09.08-14.41.57:751][  0]LogRendererCore: FGlobalReadBuffer::InitRHI
[2019.09.08-14.41.57:758][  0]LogD3D11RHI: GPU Timing Frequency: 1000.000000 (Debug: 2 1)
[2019.09.08-14.41.57:808][  0]LogShaderLibrary: Display: Failed to load Shared Shader Library: Global and no native library supported.
[2019.09.08-14.41.57:808][  0]LogShaderLibrary: Display: Failed to load Shared Shader Library: Global_SC and no native library supported.
[2019.09.08-14.41.57:808][  0]LogShaderLibrary: Display: Failed to load Shared Shader Library: Paper2D and no native library supported.
[2019.09.08-14.41.57:808][  0]LogShaderLibrary: Display: Failed to load Shared Shader Library: Paper2D_SC and no native library supported.
[2019.09.08-14.41.57:808][  0]LogShaderLibrary: Display: Failed to load Shared Shader Library: Paper2D and no native library supported.
[2019.09.08-14.41.57:808][  0]LogShaderLibrary: Display: Failed to load Shared Shader Library: Paper2D_SC and no native library supported.
[2019.09.08-14.41.57:808][  0]LogShaderLibrary: Display: Failed to load Shared Shader Library: AnimationSharing and no native library supported.
[2019.09.08-14.41.57:808][  0]LogShaderLibrary: Display: Failed to load Shared Shader Library: AnimationSharing_SC and no native library supported.
[2019.09.08-14.41.57:808][  0]LogShaderLibrary: Display: Failed to load Shared Shader Library: AnimationSharing and no native library supported.
[2019.09.08-14.41.57:808][  0]LogShaderLibrary: Display: Failed to load Shared Shader Library: AnimationSharing_SC and no native library supported.
[2019.09.08-14.41.57:808][  0]LogShaderLibrary: Display: Failed to load Shared Shader Library: CryptoKeys and no native library supported.
[2019.09.08-14.41.57:808][  0]LogShaderLibrary: Display: Failed to load Shared Shader Library: CryptoKeys_SC and no native library supported.
[2019.09.08-14.41.57:808][  0]LogShaderLibrary: Display: Failed to load Shared Shader Library: CryptoKeys and no native library supported.
[2019.09.08-14.41.57:808][  0]LogShaderLibrary: Display: Failed to load Shared Shader Library: CryptoKeys_SC and no native library supported.
[2019.09.08-14.41.57:808][  0]LogShaderLibrary: Display: Failed to load Shared Shader Library: DatasmithContent and no native library supported.
[2019.09.08-14.41.57:808][  0]LogShaderLibrary: Display: Failed to load Shared Shader Library: DatasmithContent_SC and no native library supported.
[2019.09.08-14.41.57:808][  0]LogShaderLibrary: Display: Failed to load Shared Shader Library: DatasmithContent and no native library supported.
[2019.09.08-14.41.57:809][  0]LogShaderLibrary: Display: Failed to load Shared Shader Library: DatasmithContent_SC and no native library supported.
[2019.09.08-14.41.57:809][  0]LogShaderLibrary: Display: Failed to load Shared Shader Library: MediaCompositing and no native library supported.
[2019.09.08-14.41.57:809][  0]LogShaderLibrary: Display: Failed to load Shared Shader Library: MediaCompositing_SC and no native library supported.
[2019.09.08-14.41.57:809][  0]LogShaderLibrary: Display: Failed to load Shared Shader Library: MediaCompositing and no native library supported.
[2019.09.08-14.41.57:809][  0]LogShaderLibrary: Display: Failed to load Shared Shader Library: MediaCompositing_SC and no native library supported.
[2019.09.08-14.41.57:809][  0]LogShaderLibrary: Display: Failed to load Shared Shader Library: OculusVR and no native library supported.
[2019.09.08-14.41.57:809][  0]LogShaderLibrary: Display: Failed to load Shared Shader Library: OculusVR_SC and no native library supported.
[2019.09.08-14.41.57:809][  0]LogShaderLibrary: Display: Failed to load Shared Shader Library: OculusVR and no native library supported.
[2019.09.08-14.41.57:809][  0]LogShaderLibrary: Display: Failed to load Shared Shader Library: OculusVR_SC and no native library supported.
[2019.09.08-14.41.57:809][  0]LogShaderLibrary: Display: Failed to load Shared Shader Library: SteamVR and no native library supported.
[2019.09.08-14.41.57:809][  0]LogShaderLibrary: Display: Failed to load Shared Shader Library: SteamVR_SC and no native library supported.
[2019.09.08-14.41.57:809][  0]LogShaderLibrary: Display: Failed to load Shared Shader Library: SteamVR and no native library supported.
[2019.09.08-14.41.57:809][  0]LogShaderLibrary: Display: Failed to load Shared Shader Library: SteamVR_SC and no native library supported.
[2019.09.08-14.41.57:821][  0]LogMaterial: Verifying Global Shaders for PCD3D_SM5
[2019.09.08-14.41.57:844][  0]LogSlate: Using FreeType 2.6.0
[2019.09.08-14.41.57:844][  0]LogSlate: SlateFontServices - WITH_FREETYPE: 1, WITH_HARFBUZZ: 1
[2019.09.08-14.41.57:887][  0]LogShaderLibrary: Display: Failed to load Shared Shader Library: BreezeTank and no native library supported.
[2019.09.08-14.41.57:887][  0]LogShaderLibrary: Display: Failed to load Shared Shader Library: BreezeTank_SC and no native library supported.
[2019.09.08-14.41.57:887][  0]LogRHI: Display: Opened pipeline cache after state change and enqueued 0 of 0 tasks for precompile.
[2019.09.08-14.41.57:887][  0]LogShaderLibrary: Display: Failed to load Shared Shader Library: BreezeTank and no native library supported.
[2019.09.08-14.41.57:887][  0]LogShaderLibrary: Display: Failed to load Shared Shader Library: BreezeTank_SC and no native library supported.
[2019.09.08-14.41.57:887][  0]LogRHI: Display: Opened pipeline cache after state change and enqueued 0 of 0 tasks for precompile.
[2019.09.08-14.41.57:887][  0]LogRHI: Display: Failed to open default shader pipeline cache for BreezeTank using shader platform 0.
[2019.09.08-14.41.57:887][  0]LogRHI: Display: Failed to open default shader pipeline cache for BreezeTank using shader platform 0.
[2019.09.08-14.41.57:887][  0]LogInit: Using OS detected language (ko-KR).
[2019.09.08-14.41.57:887][  0]LogInit: Using OS detected locale (ko-KR).
[2019.09.08-14.41.57:887][  0]LogTextLocalizationManager: No localization for 'ko-KR' exists, so 'en' will be used for the language.
[2019.09.08-14.41.57:887][  0]LogTextLocalizationManager: No localization for 'ko-KR' exists, so 'en' will be used for the locale.
[2019.09.08-14.41.57:888][  0]LogTextLocalizationManager: Compacting localization data took   0.45ms
[2019.09.08-14.41.57:892][  0]LogAssetRegistry: FAssetRegistry took 0.0037 seconds to start up
[2019.09.08-14.41.57:972][  0]LogStreaming: Display: Flushing async loaders.
[2019.09.08-14.41.57:972][  0]LogPackageLocalizationCache: Processed 9 localized package path(s) for 1 prioritized culture(s) in 0.000036 seconds
[2019.09.08-14.41.57:972][  0]LogPakFile: New pak file ../../../BreezeTank/Content/Paks/BreezeTank-WindowsNoEditor.pak added to pak precacher.
[2019.09.08-14.41.57:974][  0]LogInit: Selected Device Profile: [WindowsNoEditor]
[2019.09.08-14.41.57:984][  0]LogNetVersion: BreezeTank 1.0.0, NetCL: 5660361, EngineNetVer: 10, GameNetVer: 0 (Checksum: 2903384824)
[2019.09.08-14.41.58:124][  0]LogMoviePlayer: Initializing movie player
[2019.09.08-14.41.58:124][  0]LogAndroidPermission: UAndroidPermissionCallbackProxy::GetInstance
[2019.09.08-14.41.58:124][  0]LogOcInput: OculusInput pre-init called
[2019.09.08-14.41.58:129][  0]LogUObjectArray: 37893 objects as part of root set at end of initial load.
[2019.09.08-14.41.58:129][  0]LogUObjectArray: 2 objects are not in the root set, but can never be destroyed because they are in the DisregardForGC set.
[2019.09.08-14.41.58:129][  0]LogUObjectAllocator: 5788688 out of 0 bytes used by permanent object pool.
[2019.09.08-14.41.58:129][  0]LogUObjectArray: CloseDisregardForGC: 37893/37893 objects in disregard for GC pool
[2019.09.08-14.41.58:207][  0]LogEngine: Initializing Engine...
[2019.09.08-14.41.58:207][  0]LogHMD: Failed to initialize OpenVR with code 110
[2019.09.08-14.41.58:219][  0]LogStats: UGameplayTagsManager::InitializeManager -  0.000 s
[2019.09.08-14.41.58:278][  0]LogInit: Initializing FReadOnlyCVARCache
[2019.09.08-14.41.58:281][  0]LogAudioDebug: Display: Lib vorbis DLL was dynamically loaded.
[2019.09.08-14.41.58:297][  0]LogInit: XAudio2 using '헤드폰(2- High Definition Audio Device)' : 2 channels at 48 kHz using 32 bits per sample (channel mask 0x3)
[2019.09.08-14.41.58:309][  0]LogInit: FAudioDevice initialized.
[2019.09.08-14.41.58:321][  0]LogNetVersion: Set ProjectVersion to 1.0.0.0. Version Checksum will be recalculated on next use.
[2019.09.08-14.41.58:321][  0]LogInit: Texture streaming: Enabled
[2019.09.08-14.41.58:322][  0]LogSlate: Updating window title bar state: overlay mode, drag disabled, window buttons hidden, title bar hidden
[2019.09.08-14.41.58:323][  0]LogInit: Display: Game Engine Initialized.
[2019.09.08-14.41.58:323][  0]LogInit: Display: Starting Game.
[2019.09.08-14.41.58:323][  0]LogNet: Browse: /Game/MainMenu?Name=Player
[2019.09.08-14.41.58:325][  0]LogLoad: LoadMap: /Game/MainMenu?Name=Player
[2019.09.08-14.41.58:333][  0]LogUObjectHash: Compacting FUObjectHashTables data took   1.48ms
[2019.09.08-14.41.58:340][  0]LogAIModule: Creating AISystem for world MainMenu
[2019.09.08-14.41.58:340][  0]LogLoad: Game class is 'GameModeBase'
[2019.09.08-14.41.58:340][  0]LogWorld: Bringing World /Game/MainMenu.MainMenu up for play (max tick rate 0) at 2019.09.08-23.41.58
[2019.09.08-14.41.58:341][  0]LogWorld: Bringing up level for play took: 0.000268
[2019.09.08-14.41.58:341][  0]LogGameMode: FindPlayerStart: PATHS NOT DEFINED or NO PLAYERSTART with positive rating
[2019.09.08-14.41.58:342][  0]LogUMG: Display: Widget Class MainMenu_BP_C - Loaded Fast Template.
[2019.09.08-14.41.58:343][  0]LogLoad: Took 0.017668 seconds to LoadMap(/Game/MainMenu)
[2019.09.08-14.41.58:343][  0]LogSlate: Took 0.000133 seconds to synchronously load lazily loaded font '../../../Engine/Content/EngineFonts/Faces/RobotoBold.ufont' (160K)
[2019.09.08-14.41.58:372][  0]LogRenderer: Reallocating scene render targets to support 1920x1080 Format 10 NumSamples 1 (Frame:1).
[2019.09.08-14.41.58:372][  0]LogLoad: (Engine Initialization) Total time: 1.72 seconds
[2019.09.08-14.41.58:420][  0]LogContentStreaming: Texture pool size now 1000 MB
[2019.09.08-14.41.58:420][  0]LogSlate: FSceneViewport::OnFocusLost() reason 2
[2019.09.08-14.41.58:940][ 29]LogConfig: Applying CVar settings from Section [ViewDistanceQuality@3] File [../../../BreezeTank/Saved/Config/WindowsNoEditor/Scalability.ini]
[2019.09.08-14.41.58:940][ 29]LogConfig: Setting CVar [[r.SkeletalMeshLODBias:0]]
[2019.09.08-14.41.58:940][ 29]LogConfig: Setting CVar [[r.ViewDistanceScale:1.0]]
[2019.09.08-14.41.58:940][ 29]LogConfig: Applying CVar settings from Section [AntiAliasingQuality@3] File [../../../BreezeTank/Saved/Config/WindowsNoEditor/Scalability.ini]
[2019.09.08-14.41.58:940][ 29]LogConfig: Setting CVar [[r.PostProcessAAQuality:4]]
[2019.09.08-14.41.58:940][ 29]LogConfig: Applying CVar settings from Section [ShadowQuality@3] File [../../../BreezeTank/Saved/Config/WindowsNoEditor/Scalability.ini]
[2019.09.08-14.41.58:940][ 29]LogConfig: Setting CVar [[r.LightFunctionQuality:1]]
[2019.09.08-14.41.58:940][ 29]LogConfig: Setting CVar [[r.ShadowQuality:5]]
[2019.09.08-14.41.58:940][ 29]LogConfig: Setting CVar [[r.Shadow.CSM.MaxCascades:10]]
[2019.09.08-14.41.58:940][ 29]LogConfig: Setting CVar [[r.Shadow.MaxResolution:2048]]
[2019.09.08-14.41.58:940][ 29]LogConfig: Setting CVar [[r.Shadow.MaxCSMResolution:2048]]
[2019.09.08-14.41.58:940][ 29]LogConfig: Setting CVar [[r.Shadow.RadiusThreshold:0.01]]
[2019.09.08-14.41.58:940][ 29]LogConfig: Setting CVar [[r.Shadow.DistanceScale:1.0]]
[2019.09.08-14.41.58:940][ 29]LogConfig: Setting CVar [[r.Shadow.CSM.TransitionScale:1.0]]
[2019.09.08-14.41.58:940][ 29]LogConfig: Setting CVar [[r.Shadow.PreShadowResolutionFactor:1.0]]
[2019.09.08-14.41.58:940][ 29]LogConfig: Setting CVar [[r.DistanceFieldShadowing:1]]
[2019.09.08-14.41.58:940][ 29]LogConfig: Setting CVar [[r.DistanceFieldAO:1]]
[2019.09.08-14.41.58:940][ 29]LogConfig: Setting CVar [[r.AOQuality:2]]
[2019.09.08-14.41.58:940][ 29]LogConfig: Setting CVar [[r.VolumetricFog:1]]
[2019.09.08-14.41.58:940][ 29]LogConfig: Setting CVar [[r.VolumetricFog.GridPixelSize:8]]
[2019.09.08-14.41.58:940][ 29]LogConfig: Setting CVar [[r.VolumetricFog.GridSizeZ:128]]
[2019.09.08-14.41.58:940][ 29]LogConfig: Setting CVar [[r.VolumetricFog.HistoryMissSupersampleCount:4]]
[2019.09.08-14.41.58:940][ 29]LogConfig: Setting CVar [[r.LightMaxDrawDistanceScale:1]]
[2019.09.08-14.41.58:940][ 29]LogConfig: Setting CVar [[r.CapsuleShadows:1]]
[2019.09.08-14.41.58:940][ 29]LogConfig: Applying CVar settings from Section [PostProcessQuality@3] File [../../../BreezeTank/Saved/Config/WindowsNoEditor/Scalability.ini]
[2019.09.08-14.41.58:940][ 29]LogConfig: Setting CVar [[r.MotionBlurQuality:4]]
[2019.09.08-14.41.58:940][ 29]LogConfig: Setting CVar [[r.AmbientOcclusionMipLevelFactor:0.4]]
[2019.09.08-14.41.58:940][ 29]LogConfig: Setting CVar [[r.AmbientOcclusionMaxQuality:100]]
[2019.09.08-14.41.58:940][ 29]LogConfig: Setting CVar [[r.AmbientOcclusionLevels:-1]]
[2019.09.08-14.41.58:940][ 29]LogConfig: Setting CVar [[r.AmbientOcclusionRadiusScale:1.0]]
[2019.09.08-14.41.58:940][ 29]LogConfig: Setting CVar [[r.DepthOfFieldQuality:2]]
[2019.09.08-14.41.58:940][ 29]LogConfig: Setting CVar [[r.RenderTargetPoolMin:400]]
[2019.09.08-14.41.58:940][ 29]LogConfig: Setting CVar [[r.LensFlareQuality:2]]
[2019.09.08-14.41.58:940][ 29]LogConfig: Setting CVar [[r.SceneColorFringeQuality:1]]
[2019.09.08-14.41.58:940][ 29]LogConfig: Setting CVar [[r.EyeAdaptationQuality:2]]
[2019.09.08-14.41.58:940][ 29]LogConfig: Setting CVar [[r.BloomQuality:5]]
[2019.09.08-14.41.58:940][ 29]LogConfig: Setting CVar [[r.FastBlurThreshold:100]]
[2019.09.08-14.41.58:940][ 29]LogConfig: Setting CVar [[r.Upscale.Quality:3]]
[2019.09.08-14.41.58:940][ 29]LogConfig: Setting CVar [[r.Tonemapper.GrainQuantization:1]]
[2019.09.08-14.41.58:940][ 29]LogConfig: Setting CVar [[r.LightShaftQuality:1]]
[2019.09.08-14.41.58:940][ 29]LogConfig: Setting CVar [[r.Filter.SizeScale:1]]
[2019.09.08-14.41.58:940][ 29]LogConfig: Setting CVar [[r.Tonemapper.Quality:5]]
[2019.09.08-14.41.58:940][ 29]LogConfig: Setting CVar [[r.DOF.Gather.AccumulatorQuality:1        ; higher gathering accumulator quality]]
[2019.09.08-14.41.58:940][ 29]LogConfig: Setting CVar [[r.DOF.Gather.PostfilterMethod:1          ; Median3x3 postfilering method]]
[2019.09.08-14.41.58:940][ 29]LogConfig: Setting CVar [[r.DOF.Gather.EnableBokehSettings:0       ; no bokeh simulation when gathering]]
[2019.09.08-14.41.58:940][ 29]LogConfig: Setting CVar [[r.DOF.Gather.RingCount:4                 ; medium number of samples when gathering]]
[2019.09.08-14.41.58:940][ 29]LogConfig: Setting CVar [[r.DOF.Scatter.ForegroundCompositing:1    ; additive foreground scattering]]
[2019.09.08-14.41.58:940][ 29]LogConfig: Setting CVar [[r.DOF.Scatter.BackgroundCompositing:2    ; additive background scattering]]
[2019.09.08-14.41.58:940][ 29]LogConfig: Setting CVar [[r.DOF.Scatter.EnableBokehSettings:1      ; bokeh simulation when scattering]]
[2019.09.08-14.41.58:940][ 29]LogConfig: Setting CVar [[r.DOF.Scatter.MaxSpriteRatio:0.1         ; only a maximum of 10% of scattered bokeh]]
[2019.09.08-14.41.58:941][ 29]LogConfig: Setting CVar [[r.DOF.Recombine.Quality:1                ; cheap slight out of focus]]
[2019.09.08-14.41.58:941][ 29]LogConfig: Setting CVar [[r.DOF.Recombine.EnableBokehSettings:0    ; no bokeh simulation on slight out of focus]]
[2019.09.08-14.41.58:941][ 29]LogConfig: Setting CVar [[r.DOF.TemporalAAQuality:1                ; more stable temporal accumulation]]
[2019.09.08-14.41.58:941][ 29]LogConfig: Setting CVar [[r.DOF.Kernel.MaxForegroundRadius:0.025]]
[2019.09.08-14.41.58:941][ 29]LogConfig: Setting CVar [[r.DOF.Kernel.MaxBackgroundRadius:0.025]]
[2019.09.08-14.41.58:941][ 29]LogConfig: Applying CVar settings from Section [TextureQuality@3] File [../../../BreezeTank/Saved/Config/WindowsNoEditor/Scalability.ini]
[2019.09.08-14.41.58:941][ 29]LogConfig: Setting CVar [[r.Streaming.MipBias:0]]
[2019.09.08-14.41.58:941][ 29]LogConfig: Setting CVar [[r.Streaming.AmortizeCPUToGPUCopy:0]]
[2019.09.08-14.41.58:941][ 29]LogConfig: Setting CVar [[r.Streaming.MaxNumTexturesToStreamPerFrame:0]]
[2019.09.08-14.41.58:941][ 29]LogConfig: Setting CVar [[r.Streaming.Boost:1]]
[2019.09.08-14.41.58:941][ 29]LogConfig: Setting CVar [[r.MaxAnisotropy:8]]
[2019.09.08-14.41.58:941][ 29]LogConfig: Setting CVar [[r.Streaming.LimitPoolSizeToVRAM:0]]
[2019.09.08-14.41.58:941][ 29]LogConfig: Setting CVar [[r.Streaming.PoolSize:1000]]
[2019.09.08-14.41.58:941][ 29]LogConfig: Setting CVar [[r.Streaming.MaxEffectiveScreenSize:0]]
[2019.09.08-14.41.58:941][ 29]LogConfig: Applying CVar settings from Section [EffectsQuality@3] File [../../../BreezeTank/Saved/Config/WindowsNoEditor/Scalability.ini]
[2019.09.08-14.41.58:941][ 29]LogConfig: Setting CVar [[r.TranslucencyLightingVolumeDim:64]]
[2019.09.08-14.41.58:941][ 29]LogConfig: Setting CVar [[r.RefractionQuality:2]]
[2019.09.08-14.41.58:941][ 29]LogConfig: Setting CVar [[r.SSR.Quality:3]]
[2019.09.08-14.41.58:941][ 29]LogConfig: Setting CVar [[r.SceneColorFormat:4]]
[2019.09.08-14.41.58:941][ 29]LogConfig: Setting CVar [[r.DetailMode:2]]
[2019.09.08-14.41.58:941][ 29]LogConfig: Setting CVar [[r.TranslucencyVolumeBlur:1]]
[2019.09.08-14.41.58:941][ 29]LogConfig: Setting CVar [[r.MaterialQualityLevel:1 ; High quality]]
[2019.09.08-14.41.58:941][ 29]LogConfig: Setting CVar [[r.SSS.Scale:1]]
[2019.09.08-14.41.58:941][ 29]LogConfig: Setting CVar [[r.SSS.SampleSet:2]]
[2019.09.08-14.41.58:941][ 29]LogConfig: Setting CVar [[r.SSS.Quality:1]]
[2019.09.08-14.41.58:941][ 29]LogConfig: Setting CVar [[r.SSS.HalfRes:1]]
[2019.09.08-14.41.58:941][ 29]LogConfig: Setting CVar [[r.EmitterSpawnRateScale:1.0]]
[2019.09.08-14.41.58:941][ 29]LogConfig: Setting CVar [[r.ParticleLightQuality:2]]
[2019.09.08-14.41.58:941][ 29]LogConfig: Applying CVar settings from Section [FoliageQuality@3] File [../../../BreezeTank/Saved/Config/WindowsNoEditor/Scalability.ini]
[2019.09.08-14.41.58:941][ 29]LogConfig: Setting CVar [[foliage.DensityScale:1.0]]
[2019.09.08-14.41.58:941][ 29]LogConfig: Setting CVar [[grass.DensityScale:1.0]]
[2019.09.08-14.41.58:965][ 32]LogRenderer: Reallocating scene render targets to support 1600x900 Format 10 NumSamples 1 (Frame:33).
[2019.09.08-14.42.04:059][296]LogRenderer: Reallocating scene render targets to support 1456x816 Format 10 NumSamples 1 (Frame:299).
[2019.09.08-14.42.04:112][296]LogRenderer: Reallocating scene render targets to support 1484x832 Format 10 NumSamples 1 (Frame:300).
[2019.09.08-14.42.04:163][296]LogRenderer: Reallocating scene render targets to support 1492x840 Format 10 NumSamples 1 (Frame:301).
[2019.09.08-14.42.04:217][296]LogRenderer: Reallocating scene render targets to support 1500x844 Format 10 NumSamples 1 (Frame:302).
[2019.09.08-14.42.04:269][296]LogRenderer: Reallocating scene render targets to support 1504x844 Format 10 NumSamples 1 (Frame:303).
[2019.09.08-14.42.09:536][501]LogRenderer: Reallocating scene render targets to support 1068x600 Format 10 NumSamples 1 (Frame:509).
[2019.09.08-14.42.09:581][501]LogRenderer: Reallocating scene render targets to support 1096x616 Format 10 NumSamples 1 (Frame:510).
[2019.09.08-14.42.09:628][501]LogRenderer: Reallocating scene render targets to support 1144x644 Format 10 NumSamples 1 (Frame:511).
[2019.09.08-14.42.09:673][501]LogRenderer: Reallocating scene render targets to support 1168x656 Format 10 NumSamples 1 (Frame:512).
[2019.09.08-14.42.09:720][501]LogRenderer: Reallocating scene render targets to support 1188x668 Format 10 NumSamples 1 (Frame:513).
[2019.09.08-14.42.09:765][501]LogRenderer: Reallocating scene render targets to support 1208x680 Format 10 NumSamples 1 (Frame:514).
[2019.09.08-14.42.09:812][501]LogRenderer: Reallocating scene render targets to support 1216x684 Format 10 NumSamples 1 (Frame:515).
[2019.09.08-14.42.09:858][501]LogRenderer: Reallocating scene render targets to support 1220x688 Format 10 NumSamples 1 (Frame:516).
[2019.09.08-14.42.09:903][501]LogRenderer: Reallocating scene render targets to support 1228x692 Format 10 NumSamples 1 (Frame:517).
[2019.09.08-14.42.09:949][501]LogRenderer: Reallocating scene render targets to support 1240x696 Format 10 NumSamples 1 (Frame:518).
[2019.09.08-14.42.09:996][501]LogRenderer: Reallocating scene render targets to support 1248x704 Format 10 NumSamples 1 (Frame:519).
[2019.09.08-14.42.10:042][501]LogRenderer: Reallocating scene render targets to support 1260x708 Format 10 NumSamples 1 (Frame:520).
[2019.09.08-14.42.12:138][501]LogRenderer: Reallocating scene render targets to support 1068x600 Format 10 NumSamples 1 (Frame:521).
[2019.09.08-14.42.12:186][501]LogRenderer: Reallocating scene render targets to support 1084x608 Format 10 NumSamples 1 (Frame:522).
[2019.09.08-14.42.12:232][501]LogRenderer: Reallocating scene render targets to support 1088x612 Format 10 NumSamples 1 (Frame:523).
[2019.09.08-14.42.12:278][501]LogRenderer: Reallocating scene render targets to support 1092x616 Format 10 NumSamples 1 (Frame:524).
[2019.09.08-14.42.12:324][501]LogRenderer: Reallocating scene render targets to support 1096x616 Format 10 NumSamples 1 (Frame:525).
[2019.09.08-14.42.12:370][501]LogRenderer: Reallocating scene render targets to support 1112x624 Format 10 NumSamples 1 (Frame:526).
[2019.09.08-14.42.12:416][501]LogSlate: FontCache flush requested. Reason: Font Atlases Full; 2/1 Pages; frames since last flush: 501
[2019.09.08-14.42.12:419][501]LogSlate: Slate font cache was flushed
[2019.09.08-14.42.12:724][501]LogSlate: Took 0.000114 seconds to synchronously load lazily loaded font '../../../Engine/Content/EngineFonts/Faces/RobotoBold.ufont' (160K)
[2019.09.08-14.42.14:291][599]LogSlate: FSceneViewport::OnFocusLost() reason 0
[2019.09.08-14.42.14:388][605]LogNet: Browse: /Game/BattleGround
[2019.09.08-14.42.14:388][605]LogLoad: LoadMap: /Game/BattleGround
[2019.09.08-14.42.14:392][605]LogUObjectHash: Compacting FUObjectHashTables data took   1.18ms
[2019.09.08-14.42.14:393][605]LogStreaming: Display: Flushing async loaders.
[2019.09.08-14.42.14:423][605]LogAIModule: Creating AISystem for world BattleGround
[2019.09.08-14.42.14:423][605]LogLoad: Game class is 'BreezeTankGameMode_BP_C'
[2019.09.08-14.42.14:424][605]LogWorld: Bringing World /Game/BattleGround.BattleGround up for play (max tick rate 0) at 2019.09.08-23.42.14
[2019.09.08-14.42.14:424][605]LogWorld: Bringing up level for play took: 0.001330
[2019.09.08-14.42.14:426][605]LogUMG: Display: Widget Class PlayerUI_BP_C - Loaded Fast Template.
[2019.09.08-14.42.14:426][605]LogLoad: Took 0.037982 seconds to LoadMap(/Game/BattleGround)
[2019.09.08-14.42.14:427][605]LogSlate: Took 0.000155 seconds to synchronously load lazily loaded font '../../../Engine/Content/EngineFonts/Faces/RobotoRegular.ufont' (155K)
[2019.09.08-14.42.15:248][651]Closing by request
[2019.09.08-14.42.15:248][651]LogWindows: FPlatformMisc::RequestExit(0)
[2019.09.08-14.42.16:218][652]LogSlate: Request Window 'BreezeTank (64-bit Development PCD3D_SM5) ' being destroyed
[2019.09.08-14.42.16:241][652]LogSlate: Window 'BreezeTank (64-bit Development PCD3D_SM5) ' being destroyed
[2019.09.08-14.42.16:244][652]LogWindowsTextInputMethodSystem: Display: IME system now activated using TSF (Microsoft 입력기).
[2019.09.08-14.42.16:259][652]LogSlate: Slate User Destroyed.  User Index 0, Is Virtual User: 0
[2019.09.08-14.42.16:260][652]LogExit: Preparing to exit.
[2019.09.08-14.42.16:260][652]LogMoviePlayer: Shutting down movie player
[2019.09.08-14.42.16:262][652]LogSlate: Updating window title bar state: overlay mode, drag disabled, window buttons hidden, title bar hidden
[2019.09.08-14.42.16:264][652]LogExit: Game engine shut down
[2019.09.08-14.42.16:291][652]LogExit: Object subsystem successfully closed.
[2019.09.08-14.42.16:301][652]LogD3D11RHI: Shutdown
[2019.09.08-14.42.16:301][652]LogD3D11RHI: CleanupD3DDevice
[2019.09.08-14.42.16:302][652]LogRendererCore: FGlobalReadBuffer::ReleaseRHI
[2019.09.08-14.42.16:302][652]LogRendererCore: FGlobalDynamicReadBuffer::Cleanup()
[2019.09.08-14.42.16:302][652]LogRendererCore: FGlobalReadBuffer::ReleaseRHI
[2019.09.08-14.42.16:302][652]LogRendererCore: FGlobalDynamicReadBuffer::Cleanup()
[2019.09.08-14.42.16:302][652]LogRendererCore: FGlobalReadBuffer::ReleaseRHI
[2019.09.08-14.42.16:302][652]LogRendererCore: FGlobalDynamicReadBuffer::Cleanup()
[2019.09.08-14.42.16:349][652]LogD3D11RHI: ~FD3D11DynamicRHI
[2019.09.08-14.42.16:350][652]LogModuleManager: Shutting down and abandoning module AutomationController (206)
[2019.09.08-14.42.16:350][652]LogModuleManager: Shutting down and abandoning module AutomationWorker (204)
[2019.09.08-14.42.16:350][652]LogModuleManager: Shutting down and abandoning module Voice (202)
[2019.09.08-14.42.16:350][652]LogModuleManager: Shutting down and abandoning module AIModule (200)
[2019.09.08-14.42.16:350][652]LogModuleManager: Shutting down and abandoning module GameplayDebugger (199)
[2019.09.08-14.42.16:350][652]LogModuleManager: Shutting down and abandoning module NavigationSystem (197)
[2019.09.08-14.42.16:350][652]LogModuleManager: Shutting down and abandoning module WebMMediaFactory (194)
[2019.09.08-14.42.16:350][652]LogModuleManager: Shutting down and abandoning module WebMMedia (192)
[2019.09.08-14.42.16:350][652]LogModuleManager: Shutting down and abandoning module OculusMR (190)
[2019.09.08-14.42.16:350][652]LogModuleManager: Shutting down and abandoning module WmfMediaFactory (188)
[2019.09.08-14.42.16:350][652]LogModuleManager: Shutting down and abandoning module OpenExrWrapper (186)
[2019.09.08-14.42.16:350][652]LogModuleManager: Shutting down and abandoning module ImgMediaFactory (184)
[2019.09.08-14.42.16:350][652]LogModuleManager: Shutting down and abandoning module AvfMediaFactory (182)
[2019.09.08-14.42.16:350][652]LogModuleManager: Shutting down and abandoning module CharacterAI (180)
[2019.09.08-14.42.16:350][652]LogModuleManager: Shutting down and abandoning module SessionServices (178)
[2019.09.08-14.42.16:350][652]LogModuleManager: Shutting down and abandoning module LiveCoding (176)
[2019.09.08-14.42.16:350][652]LogModuleManager: Shutting down and abandoning module LevelSequence (174)
[2019.09.08-14.42.16:350][652]LogModuleManager: Shutting down and abandoning module MovieSceneTracks (172)
[2019.09.08-14.42.16:350][652]LogModuleManager: Shutting down and abandoning module MovieScene (170)
[2019.09.08-14.42.16:350][652]LogModuleManager: Shutting down and abandoning module StreamingPauseRendering (168)
[2019.09.08-14.42.16:350][652]LogModuleManager: Shutting down and abandoning module ImageWriteQueue (166)
[2019.09.08-14.42.16:351][652]LogModuleManager: Shutting down and abandoning module ProfilerService (164)
[2019.09.08-14.42.16:408][652]LogModuleManager: Shutting down and abandoning module TaskGraph (162)
[2019.09.08-14.42.16:408][652]LogModuleManager: Shutting down and abandoning module SteamVRController (160)
[2019.09.08-14.42.16:408][652]LogModuleManager: Shutting down and abandoning module ProceduralMeshComponent (158)
[2019.09.08-14.42.16:408][652]LogModuleManager: Shutting down and abandoning module OculusInput (156)
[2019.09.08-14.42.16:408][652]LogModuleManager: Shutting down and abandoning module MobilePatchingUtils (154)
[2019.09.08-14.42.16:408][652]LogModuleManager: Shutting down and abandoning module EditableMesh (152)
[2019.09.08-14.42.16:408][652]LogModuleManager: Shutting down and abandoning module CustomMeshComponent (150)
[2019.09.08-14.42.16:408][652]LogModuleManager: Shutting down and abandoning module CableComponent (148)
[2019.09.08-14.42.16:408][652]LogModuleManager: Shutting down and abandoning module AudioCapture (146)
[2019.09.08-14.42.16:408][652]LogModuleManager: Shutting down and abandoning module ArchVisCharacter (144)
[2019.09.08-14.42.16:408][652]LogModuleManager: Shutting down and abandoning module AndroidPermission (142)
[2019.09.08-14.42.16:408][652]LogModuleManager: Shutting down and abandoning module MediaCompositing (140)
[2019.09.08-14.42.16:408][652]LogModuleManager: Shutting down and abandoning module LinearTimecode (138)
[2019.09.08-14.42.16:408][652]LogModuleManager: Shutting down and abandoning module ImgMedia (136)
[2019.09.08-14.42.16:408][652]LogModuleManager: Shutting down and abandoning module HTML5Networking (134)
[2019.09.08-14.42.16:408][652]LogModuleManager: Shutting down and abandoning module BackChannel (132)
[2019.09.08-14.42.16:408][652]LogModuleManager: Shutting down and abandoning module AppleVision (130)
[2019.09.08-14.42.16:408][652]LogModuleManager: Shutting down and abandoning module AppleImageUtils (128)
[2019.09.08-14.42.16:408][652]LogModuleManager: Shutting down and abandoning module GeometryCacheTracks (126)
[2019.09.08-14.42.16:408][652]LogModuleManager: Shutting down and abandoning module GeometryCache (124)
[2019.09.08-14.42.16:408][652]LogModuleManager: Shutting down and abandoning module VariantManagerContent (122)
[2019.09.08-14.42.16:408][652]LogModuleManager: Shutting down and abandoning module BreezeTank (120)
[2019.09.08-14.42.16:408][652]LogModuleManager: Shutting down and abandoning module RuntimePhysXCooking (118)
[2019.09.08-14.42.16:408][652]LogModuleManager: Shutting down and abandoning module PhysXVehicles (116)
[2019.09.08-14.42.16:408][652]LogModuleManager: Shutting down and abandoning module LocationServicesBPLibrary (114)
[2019.09.08-14.42.16:408][652]LogModuleManager: Shutting down and abandoning module ActorSequence (112)
[2019.09.08-14.42.16:408][652]LogModuleManager: Shutting down and abandoning module UdpMessaging (110)
[2019.09.08-14.42.16:408][652]LogModuleManager: Shutting down and abandoning module TcpMessaging (108)
[2019.09.08-14.42.16:408][652]LogModuleManager: Shutting down and abandoning module FacialAnimation (106)
[2019.09.08-14.42.16:408][652]LogModuleManager: Shutting down and abandoning module SignificanceManager (104)
[2019.09.08-14.42.16:408][652]LogModuleManager: Shutting down and abandoning module AnimationSharing (102)
[2019.09.08-14.42.16:408][652]LogModuleManager: Shutting down and abandoning module LightPropagationVolumeRuntime (100)
[2019.09.08-14.42.16:408][652]LogModuleManager: Shutting down and abandoning module AISupportModule (98)
[2019.09.08-14.42.16:408][652]LogModuleManager: Shutting down and abandoning module Paper2D (96)
[2019.09.08-14.42.16:408][652]LogModuleManager: Shutting down and abandoning module WindowsMoviePlayer (94)
[2019.09.08-14.42.16:408][652]LogModuleManager: Shutting down and abandoning module WebMMoviePlayer (92)
[2019.09.08-14.42.16:408][652]LogModuleManager: Shutting down and abandoning module PacketHandler (90)
[2019.09.08-14.42.16:408][652]LogModuleManager: Shutting down and abandoning module ClothingSystemRuntime (88)
[2019.09.08-14.42.16:408][652]LogModuleManager: Shutting down and abandoning module MediaAssets (86)
[2019.09.08-14.42.16:408][652]LogModuleManager: Shutting down and abandoning module Overlay (84)
[2019.09.08-14.42.16:408][652]LogModuleManager: Shutting down and abandoning module UMG (82)
[2019.09.08-14.42.16:408][652]LogModuleManager: Shutting down and abandoning module SlateReflector (80)
[2019.09.08-14.42.16:408][652]LogModuleManager: Shutting down and abandoning module Slate (78)
[2019.09.08-14.42.16:408][652]LogModuleManager: Shutting down and abandoning module MRMesh (76)
[2019.09.08-14.42.16:408][652]LogModuleManager: Shutting down and abandoning module Messaging (74)
[2019.09.08-14.42.16:408][652]LogModuleManager: Shutting down and abandoning module HeadMountedDisplay (72)
[2019.09.08-14.42.16:408][652]LogModuleManager: Shutting down and abandoning module XAudio2 (70)
[2019.09.08-14.42.16:408][652]LogModuleManager: Shutting down and abandoning module Networking (68)
[2019.09.08-14.42.16:408][652]LogModuleManager: Shutting down and abandoning module Core (66)
[2019.09.08-14.42.16:408][652]LogModuleManager: Shutting down and abandoning module ImageWrapper (62)
[2019.09.08-14.42.16:408][652]LogModuleManager: Shutting down and abandoning module InputCore (60)
[2019.09.08-14.42.16:408][652]LogModuleManager: Shutting down and abandoning module PhysXCooking (58)
[2019.09.08-14.42.16:408][652]LogModuleManager: Shutting down and abandoning module SteamVR (56)
[2019.09.08-14.42.16:408][652]LogHMD: Freeing OpenVRDLLHandle.
[2019.09.08-14.42.16:408][652]LogModuleManager: Shutting down and abandoning module OculusHMD (54)
[2019.09.08-14.42.16:408][652]LogModuleManager: Shutting down and abandoning module ExampleDeviceProfileSelector (52)
[2019.09.08-14.42.16:408][652]LogModuleManager: Shutting down and abandoning module LauncherChunkInstaller (50)
[2019.09.08-14.42.16:408][652]LogModuleManager: Shutting down and abandoning module OnlineSubsystem (46)
[2019.09.08-14.42.16:409][652]LogModuleManager: Shutting down and abandoning module HTTP (41)
[2019.09.08-14.42.16:435][652]LogModuleManager: Shutting down and abandoning module SSL (40)
[2019.09.08-14.42.16:435][652]LogModuleManager: Shutting down and abandoning module WmfMedia (36)
[2019.09.08-14.42.16:435][652]LogModuleManager: Shutting down and abandoning module Media (35)
[2019.09.08-14.42.16:441][652]LogModuleManager: Shutting down and abandoning module DatasmithContent (32)
[2019.09.08-14.42.16:441][652]LogModuleManager: Shutting down and abandoning module RenderCore (30)
[2019.09.08-14.42.16:441][652]LogModuleManager: Shutting down and abandoning module Landscape (28)
[2019.09.08-14.42.16:441][652]LogModuleManager: Shutting down and abandoning module SlateRHIRenderer (26)
[2019.09.08-14.42.16:441][652]LogModuleManager: Shutting down and abandoning module OpenGLDrv (24)
[2019.09.08-14.42.16:441][652]LogModuleManager: Shutting down and abandoning module D3D11RHI (22)
[2019.09.08-14.42.16:441][652]LogModuleManager: Shutting down and abandoning module AnimGraphRuntime (20)
[2019.09.08-14.42.16:441][652]LogModuleManager: Shutting down and abandoning module Renderer (18)
[2019.09.08-14.42.16:441][652]LogModuleManager: Shutting down and abandoning module Engine (16)
[2019.09.08-14.42.16:441][652]LogModuleManager: Shutting down and abandoning module CoreUObject (14)
[2019.09.08-14.42.16:441][652]LogModuleManager: Shutting down and abandoning module NetworkFile (12)
[2019.09.08-14.42.16:441][652]LogModuleManager: Shutting down and abandoning module CookedIterativeFile (10)
[2019.09.08-14.42.16:441][652]LogModuleManager: Shutting down and abandoning module StreamingFile (8)
[2019.09.08-14.42.16:441][652]LogModuleManager: Shutting down and abandoning module SandboxFile (6)
[2019.09.08-14.42.16:441][652]LogModuleManager: Shutting down and abandoning module PakFile (4)
[2019.09.08-14.42.16:442][652]LogModuleManager: Shutting down and abandoning module RSA (3)
[2019.09.08-14.42.16:444][652]LogExit: Exiting.
[2019.09.08-14.42.16:456][652]Log file closed, 09/08/19 23:42:16
